\BOOKMARK [1][-]{section.1}{\376\377\000I\000n\000t\000r\000o\000d\000u\000c\000t\000i\000o\000n}{}% 1
\BOOKMARK [2][-]{subsection.1.1}{\376\377\000I\000B\000M\000\040\000D\000B\0002}{section.1}% 2
\BOOKMARK [3][-]{subsubsection.1.1.1}{\376\377\000C\000r\000e\000a\000c\000i\000\363\000n\000\040\000d\000e\000\040\000u\000n\000\040\000s\000u\000p\000e\000r\000u\000s\000u\000a\000r\000i\000o\000,\000\040\000c\000o\000n\000\040\000c\000r\000e\000d\000e\000n\000c\000i\000a\000l\000e\000s\000\040\000s\000e\000g\000u\000r\000a\000s\000,\000\040\000y\000\040\000v\000e\000r\000i\000f\000i\000c\000a\000c\000i\000\363\000n\000\040\000d\000e\000\040\000q\000u\000e\000\040\000p\000o\000d\000e\000m\000o\000s\000\040\000c\000o\000n\000e\000c\000t\000a\000r\000n\000o\000s\000\040\000c\000o\000n\000\040\000d\000i\000c\000h\000o\000\040\000u\000s\000u\000a\000r\000i\000o\000.}{subsection.1.1}% 3
\BOOKMARK [3][-]{subsubsection.1.1.2}{\376\377\000C\000r\000e\000a\000c\000i\000\363\000n\000\040\000d\000e\000\040\000l\000a\000\040\000e\000s\000t\000r\000u\000c\000t\000u\000r\000a\000\040\000b\000\341\000s\000i\000c\000a\000\040\000d\000e\000l\000\040\000e\000s\000p\000a\000c\000i\000o\000\040\000d\000e\000\040\000d\000a\000t\000o\000s}{subsection.1.1}% 4
\BOOKMARK [3][-]{subsubsection.1.1.3}{\376\377\000C\000r\000e\000a\000c\000i\000\363\000n\000\040\000d\000e\000\040\000u\000s\000u\000a\000r\000i\000o\000s\000\040\000y\000\040\000r\000o\000l\000e\000s\000\040\000c\000o\000n\000\040\000d\000i\000s\000t\000i\000n\000t\000o\000\040\000a\000c\000c\000e\000s\000o\000\040\000s\000o\000b\000r\000e\000\040\000l\000o\000s\000\040\000e\000l\000e\000m\000e\000n\000t\000o\000s\000\040\000d\000e\000l\000\040\000e\000s\000p\000a\000c\000i\000o\000\040\000d\000e\000\040\000d\000a\000t\000o\000s}{subsection.1.1}% 5
\BOOKMARK [2][-]{subsection.1.2}{\376\377\000O\000r\000a\000c\000l\000e}{section.1}% 6
\BOOKMARK [3][-]{subsubsection.1.2.1}{\376\377\000P\000r\000e\000p\000a\000r\000a\000c\000i\000\363\000n\000\040\000d\000e\000l\000\040\000E\000n\000t\000o\000r\000n\000o\000\040\000O\000r\000a\000c\000l\000e\000\040\000e\000n\000\040\000D\000o\000c\000k\000e\000r}{subsection.1.2}% 7
\BOOKMARK [3][-]{subsubsection.1.2.2}{\376\377\000C\000o\000n\000f\000i\000g\000u\000r\000a\000c\000i\000\363\000n\000\040\000d\000e\000l\000\040\000C\000l\000i\000e\000n\000t\000e\000\040\000O\000r\000a\000c\000l\000e\000\040\000I\000n\000s\000t\000a\000n\000t\000\040\000e\000n\000\040\000l\000a\000\040\000M\000\341\000q\000u\000i\000n\000a\000\040\000L\000o\000c\000a\000l}{subsection.1.2}% 8
\BOOKMARK [3][-]{subsubsection.1.2.3}{\376\377\000C\000o\000n\000f\000i\000g\000u\000r\000a\000r\000\040\000l\000a\000s\000\040\000v\000a\000r\000i\000a\000b\000l\000e\000s\000\040\000d\000e\000\040\000e\000n\000t\000o\000r\000n\000o}{subsection.1.2}% 9
\BOOKMARK [3][-]{subsubsection.1.2.4}{\376\377\000D\000e\000s\000c\000a\000r\000g\000a\000r\000\040\000y\000\040\000C\000o\000n\000f\000i\000g\000u\000r\000a\000r\000\040\000S\000Q\000L\000*\000P\000l\000u\000s}{subsection.1.2}% 10
\BOOKMARK [3][-]{subsubsection.1.2.5}{\376\377\000C\000o\000n\000e\000c\000t\000a\000r\000\040\000a\000\040\000O\000r\000a\000c\000l\000e\000\040\000U\000s\000a\000n\000d\000o\000\040\000S\000Q\000L\000*\000P\000l\000u\000s}{subsection.1.2}% 11
\BOOKMARK [3][-]{subsubsection.1.2.6}{}{subsection.1.2}% 12
\BOOKMARK [3][-]{subsubsection.1.2.7}{\376\377\000L\000a\000\040\000c\000o\000n\000t\000r\000a\000s\000e\000\361\000a\000/\000p\000a\000s\000s\000w\000o\000r\000d\000,\000\040\000d\000e\000b\000e\000\040\000s\000e\000r\000\040\000l\000a\000\040\000m\000i\000s\000m\000a\000\040\000q\000u\000e\000\040\000h\000e\000m\000o\000s\000\040\000i\000n\000t\000r\000o\000d\000u\000c\000i\000d\000o\000\040\000e\000n\000\040\000e\000l\000\040\000d\000o\000c\000k\000e\000r\000-\000f\000i\000l\000e\000.\000y\000m\000l\000.}{subsection.1.2}% 13
\BOOKMARK [3][-]{subsubsection.1.2.8}{\376\377\000O\000p\000e\000r\000a\000c\000i\000o\000n\000e\000s\000\040\000B\000\341\000s\000i\000c\000a\000s\000\040\000e\000n\000\040\000O\000r\000a\000c\000l\000e}{subsection.1.2}% 14
\BOOKMARK [3][-]{subsubsection.1.2.9}{\376\377\000C\000r\000e\000a\000c\000i\000\363\000n\000\040\000d\000e\000\040\000s\000u\000p\000e\000r\000u\000s\000u\000a\000r\000i\000o\000s\000:}{subsection.1.2}% 15
\BOOKMARK [3][-]{subsubsection.1.2.10}{\376\377\000C\000r\000e\000a\000c\000i\000\363\000n\000\040\000d\000e\000\040\000t\000a\000b\000l\000e\000s\000p\000a\000c\000e\000s}{subsection.1.2}% 16
\BOOKMARK [3][-]{subsubsection.1.2.11}{\376\377\000C\000r\000e\000a\000c\000i\000\363\000n\000\040\000d\000e\000\040\000u\000s\000u\000a\000r\000i\000o\000s\000\040\000d\000e\000\040\000e\000s\000c\000r\000i\000t\000u\000r\000a\000\040\000y\000\040\000l\000e\000c\000t\000u\000r\000a\000:}{subsection.1.2}% 17
\BOOKMARK [3][-]{subsubsection.1.2.12}{\376\377\000C\000r\000e\000a\000c\000i\000\363\000n\000\040\000e\000\040\000i\000n\000s\000e\000r\000c\000i\000\363\000n\000\040\000d\000e\000\040\000t\000a\000b\000l\000a\000s}{subsection.1.2}% 18
\BOOKMARK [3][-]{subsubsection.1.2.13}{\376\377\000C\000o\000n\000s\000u\000l\000t\000a\000s}{subsection.1.2}% 19
\BOOKMARK [3][-]{subsubsection.1.2.14}{\376\377\000R\000e\000d\000i\000r\000e\000c\000c\000i\000\363\000n\000\040\000d\000e\000\040\000p\000u\000e\000r\000t\000o\000s}{subsection.1.2}% 20
\BOOKMARK [2][-]{subsection.1.3}{\376\377\000H\000B\000a\000s\000e}{section.1}% 21
\BOOKMARK [3][-]{subsubsection.1.3.1}{\376\377\000I\000n\000t\000r\000o\000d\000u\000c\000c\000i\000\363\000n}{subsection.1.3}% 22
\BOOKMARK [3][-]{subsubsection.1.3.2}{\376\377\000I\000n\000t\000e\000n\000t\000o\000\040\000d\000e\000\040\000I\000n\000t\000e\000g\000r\000a\000c\000i\000\363\000n\000\040\000c\000o\000n\000\040\000K\000e\000r\000b\000e\000r\000o\000s}{subsection.1.3}% 23
\BOOKMARK [3][-]{subsubsection.1.3.3}{\376\377\000C\000o\000n\000f\000i\000g\000u\000r\000a\000c\000i\000\363\000n\000\040\000I\000n\000i\000c\000i\000a\000l\000\040\000d\000e\000\040\000K\000e\000r\000b\000e\000r\000o\000s}{subsection.1.3}% 24
\BOOKMARK [3][-]{subsubsection.1.3.4}{}{subsection.1.3}% 25
\BOOKMARK [3][-]{subsubsection.1.3.5}{\376\377\000P\000r\000o\000b\000l\000e\000m\000a\000\040\000c\000o\000n\000\040\000l\000o\000s\000\040\000K\000e\000y\000t\000a\000b\000s}{subsection.1.3}% 26
\BOOKMARK [3][-]{subsubsection.1.3.6}{\376\377\000E\000r\000r\000o\000r\000e\000s\000\040\000e\000n\000\040\000l\000a\000\040\000A\000u\000t\000e\000n\000t\000i\000c\000a\000c\000i\000\363\000n\000\040\000d\000e\000\040\000H\000B\000a\000s\000e}{subsection.1.3}% 27
\BOOKMARK [3][-]{subsubsection.1.3.7}{\376\377\000D\000e\000s\000e\000s\000t\000i\000m\000a\000c\000i\000\363\000n\000\040\000d\000e\000\040\000K\000e\000r\000b\000e\000r\000o\000s}{subsection.1.3}% 28
\BOOKMARK [3][-]{subsubsection.1.3.8}{\376\377\0001\000.\000\040\000E\000l\000i\000m\000i\000n\000a\000c\000i\000\363\000n\000\040\000d\000e\000\040\000K\000e\000r\000b\000e\000r\000o\000s}{subsection.1.3}% 29
\BOOKMARK [3][-]{subsubsection.1.3.9}{\376\377\0002\000.\000\040\000M\000o\000d\000i\000f\000i\000c\000a\000c\000i\000\363\000n\000\040\000d\000e\000\040\000l\000a\000\040\000c\000o\000n\000f\000i\000g\000u\000r\000a\000c\000i\000\363\000n\000\040\000d\000e\000\040\000H\000B\000a\000s\000e}{subsection.1.3}% 30
\BOOKMARK [3][-]{subsubsection.1.3.10}{\376\377\0003\000.\000\040\000R\000e\000i\000n\000i\000c\000i\000o\000\040\000d\000e\000\040\000S\000e\000r\000v\000i\000c\000i\000o\000s}{subsection.1.3}% 31
\BOOKMARK [3][-]{subsubsection.1.3.11}{\376\377\0004\000.\000\040\000V\000e\000r\000i\000f\000i\000c\000a\000c\000i\000\363\000n\000\040\000d\000e\000\040\000l\000a\000\040\000C\000o\000n\000f\000i\000g\000u\000r\000a\000c\000i\000\363\000n}{subsection.1.3}% 32
\BOOKMARK [3][-]{subsubsection.1.3.12}{\376\377\000O\000p\000e\000r\000a\000c\000i\000o\000n\000e\000s\000\040\000B\000\341\000s\000i\000c\000a\000s\000\040\000e\000n\000\040\000O\000r\000a\000c\000l\000e}{subsection.1.3}% 33
\BOOKMARK [3][-]{subsubsection.1.3.13}{\376\377\000C\000r\000e\000a\000c\000i\000\363\000n\000\040\000s\000u\000p\000e\000r\000u\000s\000u\000a\000r\000i\000o\000s\000:}{subsection.1.3}% 34
\BOOKMARK [3][-]{subsubsection.1.3.14}{\376\377\000C\000r\000e\000a\000c\000i\000\363\000n\000\040\000d\000e\000\040\000t\000a\000b\000l\000e\000s\000p\000a\000c\000e\000s}{subsection.1.3}% 35
\BOOKMARK [3][-]{subsubsection.1.3.15}{\376\377\000C\000r\000e\000a\000c\000i\000\363\000n\000\040\000d\000e\000\040\000u\000s\000u\000a\000r\000i\000o\000s\000\040\000d\000e\000\040\000e\000s\000c\000r\000i\000t\000u\000r\000a\000\040\000y\000\040\000l\000e\000c\000t\000u\000r\000a}{subsection.1.3}% 36
\BOOKMARK [3][-]{subsubsection.1.3.16}{\376\377\000C\000r\000e\000a\000c\000i\000\363\000n\000\040\000e\000\040\000i\000n\000s\000e\000r\000c\000i\000\363\000n\000\040\000d\000e\000\040\000t\000a\000b\000l\000a\000s}{subsection.1.3}% 37
\BOOKMARK [3][-]{subsubsection.1.3.17}{\376\377\000C\000o\000n\000s\000u\000l\000t\000a\000s}{subsection.1.3}% 38
\BOOKMARK [3][-]{subsubsection.1.3.18}{\376\377\000C\000o\000n\000c\000l\000u\000s\000i\000\363\000n}{subsection.1.3}% 39
