\BOOKMARK [1][-]{section.1}{\376\377\000I\000n\000t\000r\000o\000d\000u\000c\000t\000i\000o\000n}{}% 1
\BOOKMARK [1][-]{section.2}{\376\377\000C\000o\000n\000f\000i\000g\000u\000r\000a\000c\000i\000\363\000n\000\040\000d\000e\000l\000\040\000e\000n\000t\000o\000r\000n\000o\000\040\000d\000e\000\040\000t\000r\000a\000b\000a\000j\000o\000\040\000\050\000m\000\341\000q\000u\000i\000n\000a\000\040\000v\000i\000r\000t\000u\000a\000l\000\040\000/\000\040\000u\000s\000o\000\040\000d\000e\000\040\000D\000o\000c\000k\000e\000r\000\051}{}% 2
\BOOKMARK [2][-]{subsection.2.1}{\376\377\000I\000n\000s\000t\000a\000l\000a\000c\000i\000\363\000n\000\040\000d\000e\000\040\000l\000a\000\040\000m\000\341\000q\000u\000i\000n\000a\000\040\000v\000i\000r\000t\000u\000a\000l}{section.2}% 3
\BOOKMARK [2][-]{subsection.2.2}{\376\377\000I\000n\000s\000t\000a\000l\000a\000c\000i\000\363\000n\000\040\000d\000e\000\040\000D\000o\000c\000k\000e\000r}{section.2}% 4
\BOOKMARK [1][-]{section.3}{\376\377\000I\000n\000s\000t\000a\000l\000a\000c\000i\000\363\000n\000\040\000y\000\040\000A\000d\000m\000i\000n\000i\000s\000t\000r\000a\000c\000i\000\363\000n\000\040\000B\000\341\000s\000i\000c\000a\000\040\000d\000e\000\040\000l\000o\000s\000\040\000S\000G\000B\000D}{}% 5
\BOOKMARK [2][-]{subsection.3.1}{\376\377\000P\000o\000s\000t\000g\000r\000e\000S\000Q\000L}{section.3}% 6
\BOOKMARK [3][-]{subsubsection.3.1.1}{\376\377\000I\000n\000i\000c\000i\000a\000l\000i\000z\000a\000r\000\040\000e\000l\000\040\000c\000o\000n\000t\000e\000n\000e\000d\000o\000r}{subsection.3.1}% 7
\BOOKMARK [3][-]{subsubsection.3.1.2}{\376\377\000C\000r\000e\000a\000c\000i\000\363\000n\000\040\000d\000e\000\040\000l\000a\000\040\000e\000s\000t\000r\000u\000c\000t\000u\000r\000a\000\040\000b\000\341\000s\000i\000c\000a\000\040\000d\000e\000l\000\040\000e\000s\000p\000a\000c\000i\000o\000\040\000d\000e\000\040\000l\000a\000\040\000b\000a\000s\000e\000\040\000d\000e\000\040\000d\000a\000t\000o\000s}{subsection.3.1}% 8
\BOOKMARK [3][-]{subsubsection.3.1.3}{\376\377\000A\000s\000i\000g\000n\000a\000c\000i\000\363\000n\000\040\000d\000e\000\040\000r\000o\000l\000e\000s}{subsection.3.1}% 9
\BOOKMARK [3][-]{subsubsection.3.1.4}{\376\377\000C\000o\000n\000e\000c\000t\000i\000v\000i\000d\000a\000d\000\040\000r\000e\000m\000o\000t\000a}{subsection.3.1}% 10
\BOOKMARK [2][-]{subsection.3.2}{\376\377\000I\000B\000M\000\040\000D\000B\0002}{section.3}% 11
\BOOKMARK [3][-]{subsubsection.3.2.1}{\376\377\000C\000r\000e\000a\000c\000i\000\363\000n\000\040\000d\000e\000\040\000u\000n\000\040\000s\000u\000p\000e\000r\000u\000s\000u\000a\000r\000i\000o\000,\000\040\000c\000o\000n\000\040\000c\000r\000e\000d\000e\000n\000c\000i\000a\000l\000e\000s\000\040\000s\000e\000g\000u\000r\000a\000s\000,\000\040\000y\000\040\000v\000e\000r\000i\000f\000i\000c\000a\000c\000i\000\363\000n\000\040\000d\000e\000\040\000q\000u\000e\000\040\000p\000o\000d\000e\000m\000o\000s\000\040\000c\000o\000n\000e\000c\000t\000a\000r\000n\000o\000s\000\040\000c\000o\000n\000\040\000d\000i\000c\000h\000o\000\040\000u\000s\000u\000a\000r\000i\000o\000.}{subsection.3.2}% 12
\BOOKMARK [3][-]{subsubsection.3.2.2}{\376\377\000C\000r\000e\000a\000c\000i\000\363\000n\000\040\000d\000e\000\040\000l\000a\000\040\000e\000s\000t\000r\000u\000c\000t\000u\000r\000a\000\040\000b\000\341\000s\000i\000c\000a\000\040\000d\000e\000l\000\040\000e\000s\000p\000a\000c\000i\000o\000\040\000d\000e\000\040\000d\000a\000t\000o\000s}{subsection.3.2}% 13
\BOOKMARK [3][-]{subsubsection.3.2.3}{\376\377\000C\000r\000e\000a\000c\000i\000\363\000n\000\040\000d\000e\000\040\000u\000s\000u\000a\000r\000i\000o\000s\000\040\000y\000\040\000r\000o\000l\000e\000s\000\040\000c\000o\000n\000\040\000d\000i\000s\000t\000i\000n\000t\000o\000\040\000a\000c\000c\000e\000s\000o\000\040\000s\000o\000b\000r\000e\000\040\000l\000o\000s\000\040\000e\000l\000e\000m\000e\000n\000t\000o\000s\000\040\000d\000e\000l\000\040\000e\000s\000p\000a\000c\000i\000o\000\040\000d\000e\000\040\000d\000a\000t\000o\000s}{subsection.3.2}% 14
\BOOKMARK [3][-]{subsubsection.3.2.4}{\376\377\000P\000r\000o\000b\000l\000e\000m\000a\000s\000\040\000e\000n\000c\000o\000n\000t\000r\000a\000d\000o\000s}{subsection.3.2}% 15
\BOOKMARK [2][-]{subsection.3.3}{\376\377\000O\000r\000a\000c\000l\000e}{section.3}% 16
\BOOKMARK [3][-]{subsubsection.3.3.1}{\376\377\000P\000r\000e\000p\000a\000r\000a\000c\000i\000\363\000n\000\040\000d\000e\000l\000\040\000E\000n\000t\000o\000r\000n\000o\000\040\000O\000r\000a\000c\000l\000e\000\040\000e\000n\000\040\000D\000o\000c\000k\000e\000r}{subsection.3.3}% 17
\BOOKMARK [3][-]{subsubsection.3.3.2}{\376\377\000C\000o\000n\000f\000i\000g\000u\000r\000a\000c\000i\000\363\000n\000\040\000d\000e\000l\000\040\000C\000l\000i\000e\000n\000t\000e\000\040\000O\000r\000a\000c\000l\000e\000\040\000I\000n\000s\000t\000a\000n\000t\000\040\000e\000n\000\040\000l\000a\000\040\000M\000\341\000q\000u\000i\000n\000a\000\040\000L\000o\000c\000a\000l}{subsection.3.3}% 18
\BOOKMARK [3][-]{subsubsection.3.3.3}{\376\377\000C\000o\000n\000f\000i\000g\000u\000r\000a\000r\000\040\000l\000a\000s\000\040\000v\000a\000r\000i\000a\000b\000l\000e\000s\000\040\000d\000e\000\040\000e\000n\000t\000o\000r\000n\000o}{subsection.3.3}% 19
\BOOKMARK [3][-]{subsubsection.3.3.4}{\376\377\000D\000e\000s\000c\000a\000r\000g\000a\000r\000\040\000y\000\040\000C\000o\000n\000f\000i\000g\000u\000r\000a\000r\000\040\000S\000Q\000L\000*\000P\000l\000u\000s}{subsection.3.3}% 20
\BOOKMARK [3][-]{subsubsection.3.3.5}{\376\377\000C\000o\000n\000e\000c\000t\000a\000r\000\040\000a\000\040\000O\000r\000a\000c\000l\000e\000\040\000U\000s\000a\000n\000d\000o\000\040\000S\000Q\000L\000*\000P\000l\000u\000s}{subsection.3.3}% 21
\BOOKMARK [3][-]{subsubsection.3.3.6}{\376\377\000L\000a\000\040\000c\000o\000n\000t\000r\000a\000s\000e\000\361\000a\000/\000p\000a\000s\000s\000w\000o\000r\000d\000,\000\040\000d\000e\000b\000e\000\040\000s\000e\000r\000\040\000l\000a\000\040\000m\000i\000s\000m\000a\000\040\000q\000u\000e\000\040\000h\000e\000m\000o\000s\000\040\000i\000n\000t\000r\000o\000d\000u\000c\000i\000d\000o\000\040\000e\000n\000\040\000e\000l\000\040\000d\000o\000c\000k\000e\000r\000-\000f\000i\000l\000e\000.\000y\000m\000l\000.}{subsection.3.3}% 22
\BOOKMARK [3][-]{subsubsection.3.3.7}{\376\377\000R\000e\000d\000i\000r\000e\000c\000c\000i\000\363\000n\000\040\000d\000e\000\040\000p\000u\000e\000r\000t\000o\000s}{subsection.3.3}% 23
\BOOKMARK [2][-]{subsection.3.4}{\376\377\000A\000p\000a\000c\000h\000e\000\040\000C\000a\000s\000s\000a\000n\000d\000r\000a}{section.3}% 24
\BOOKMARK [3][-]{subsubsection.3.4.1}{\376\377\000I\000n\000i\000c\000i\000a\000l\000i\000z\000a\000r\000\040\000e\000l\000\040\000c\000o\000n\000t\000e\000n\000e\000d\000o\000r}{subsection.3.4}% 25
\BOOKMARK [3][-]{subsubsection.3.4.2}{\376\377\000C\000r\000e\000a\000c\000i\000\363\000n\000\040\000d\000e\000\040\000l\000a\000\040\000e\000s\000t\000r\000u\000c\000t\000u\000r\000a\000\040\000b\000\341\000s\000i\000c\000a\000\040\000d\000e\000l\000\040\000e\000s\000p\000a\000c\000i\000o\000\040\000d\000e\000\040\000l\000a\000\040\000b\000a\000s\000e\000\040\000d\000e\000\040\000d\000a\000t\000o\000s}{subsection.3.4}% 26
\BOOKMARK [3][-]{subsubsection.3.4.3}{\376\377\000A\000s\000i\000g\000n\000a\000c\000i\000\363\000n\000\040\000d\000e\000\040\000r\000o\000l\000e\000s}{subsection.3.4}% 27
\BOOKMARK [3][-]{subsubsection.3.4.4}{\376\377\000C\000o\000n\000e\000c\000t\000i\000v\000i\000d\000a\000d\000\040\000r\000e\000m\000o\000t\000a}{subsection.3.4}% 28
\BOOKMARK [2][-]{subsection.3.5}{\376\377\000H\000B\000a\000s\000e}{section.3}% 29
\BOOKMARK [3][-]{subsubsection.3.5.1}{\376\377\000I\000n\000t\000r\000o\000d\000u\000c\000c\000i\000\363\000n}{subsection.3.5}% 30
\BOOKMARK [3][-]{subsubsection.3.5.2}{\376\377\000I\000n\000t\000e\000n\000t\000o\000\040\000d\000e\000\040\000I\000n\000t\000e\000g\000r\000a\000c\000i\000\363\000n\000\040\000c\000o\000n\000\040\000K\000e\000r\000b\000e\000r\000o\000s}{subsection.3.5}% 31
\BOOKMARK [3][-]{subsubsection.3.5.3}{\376\377\000C\000o\000n\000f\000i\000g\000u\000r\000a\000c\000i\000\363\000n\000\040\000I\000n\000i\000c\000i\000a\000l\000\040\000d\000e\000\040\000K\000e\000r\000b\000e\000r\000o\000s}{subsection.3.5}% 32
\BOOKMARK [3][-]{subsubsection.3.5.4}{\376\377\000P\000r\000o\000b\000l\000e\000m\000a\000\040\000c\000o\000n\000\040\000l\000o\000s\000\040\000K\000e\000y\000t\000a\000b\000s}{subsection.3.5}% 33
\BOOKMARK [3][-]{subsubsection.3.5.5}{\376\377\000E\000r\000r\000o\000r\000e\000s\000\040\000e\000n\000\040\000l\000a\000\040\000A\000u\000t\000e\000n\000t\000i\000c\000a\000c\000i\000\363\000n\000\040\000d\000e\000\040\000H\000B\000a\000s\000e}{subsection.3.5}% 34
\BOOKMARK [3][-]{subsubsection.3.5.6}{\376\377\000D\000e\000s\000e\000s\000t\000i\000m\000a\000c\000i\000\363\000n\000\040\000d\000e\000\040\000K\000e\000r\000b\000e\000r\000o\000s}{subsection.3.5}% 35
\BOOKMARK [3][-]{subsubsection.3.5.7}{\376\377\0001\000.\000\040\000E\000l\000i\000m\000i\000n\000a\000c\000i\000\363\000n\000\040\000d\000e\000\040\000K\000e\000r\000b\000e\000r\000o\000s}{subsection.3.5}% 36
\BOOKMARK [3][-]{subsubsection.3.5.8}{\376\377\0002\000.\000\040\000M\000o\000d\000i\000f\000i\000c\000a\000c\000i\000\363\000n\000\040\000d\000e\000\040\000l\000a\000\040\000c\000o\000n\000f\000i\000g\000u\000r\000a\000c\000i\000\363\000n\000\040\000d\000e\000\040\000H\000B\000a\000s\000e}{subsection.3.5}% 37
\BOOKMARK [3][-]{subsubsection.3.5.9}{\376\377\0003\000.\000\040\000R\000e\000i\000n\000i\000c\000i\000o\000\040\000d\000e\000\040\000S\000e\000r\000v\000i\000c\000i\000o\000s}{subsection.3.5}% 38
\BOOKMARK [3][-]{subsubsection.3.5.10}{\376\377\0004\000.\000\040\000V\000e\000r\000i\000f\000i\000c\000a\000c\000i\000\363\000n\000\040\000d\000e\000\040\000l\000a\000\040\000C\000o\000n\000f\000i\000g\000u\000r\000a\000c\000i\000\363\000n}{subsection.3.5}% 39
\BOOKMARK [3][-]{subsubsection.3.5.11}{\376\377\000C\000o\000n\000c\000l\000u\000s\000i\000\363\000n}{subsection.3.5}% 40
\BOOKMARK [1][-]{section.4}{\376\377\000G\000e\000n\000e\000r\000a\000c\000i\000\363\000n\000\040\000d\000e\000\040\000D\000a\000t\000o\000s\000\040\000y\000\040\000P\000r\000u\000e\000b\000a\000s}{}% 41
\BOOKMARK [2][-]{subsection.4.1}{\376\377\000P\000o\000s\000t\000g\000r\000e\000S\000Q\000L}{section.4}% 42
\BOOKMARK [2][-]{subsection.4.2}{\376\377\000A\000p\000a\000c\000h\000e\000\040\000C\000a\000s\000s\000a\000n\000d\000r\000a}{section.4}% 43
\BOOKMARK [2][-]{subsection.4.3}{\376\377\000O\000p\000e\000r\000a\000c\000i\000o\000n\000e\000s\000\040\000B\000\341\000s\000i\000c\000a\000s\000\040\000e\000n\000\040\000O\000r\000a\000c\000l\000e}{section.4}% 44
\BOOKMARK [3][-]{subsubsection.4.3.1}{\376\377\000C\000r\000e\000a\000c\000i\000\363\000n\000\040\000d\000e\000\040\000s\000u\000p\000e\000r\000u\000s\000u\000a\000r\000i\000o\000s\000:}{subsection.4.3}% 45
\BOOKMARK [3][-]{subsubsection.4.3.2}{\376\377\000C\000r\000e\000a\000c\000i\000\363\000n\000\040\000d\000e\000\040\000t\000a\000b\000l\000e\000s\000p\000a\000c\000e\000s}{subsection.4.3}% 46
\BOOKMARK [3][-]{subsubsection.4.3.3}{\376\377\000C\000r\000e\000a\000c\000i\000\363\000n\000\040\000d\000e\000\040\000u\000s\000u\000a\000r\000i\000o\000s\000\040\000d\000e\000\040\000e\000s\000c\000r\000i\000t\000u\000r\000a\000\040\000y\000\040\000l\000e\000c\000t\000u\000r\000a\000:}{subsection.4.3}% 47
\BOOKMARK [3][-]{subsubsection.4.3.4}{\376\377\000C\000r\000e\000a\000c\000i\000\363\000n\000\040\000e\000\040\000i\000n\000s\000e\000r\000c\000i\000\363\000n\000\040\000d\000e\000\040\000t\000a\000b\000l\000a\000s}{subsection.4.3}% 48
\BOOKMARK [3][-]{subsubsection.4.3.5}{\376\377\000I\000B\000M\000\040\000D\000B\0002}{subsection.4.3}% 49
\BOOKMARK [3][-]{subsubsection.4.3.6}{\376\377\000C\000o\000n\000s\000u\000l\000t\000a\000s}{subsection.4.3}% 50
\BOOKMARK [2][-]{subsection.4.4}{\376\377\000H\000B\000a\000s\000e}{section.4}% 51
\BOOKMARK [3][-]{subsubsection.4.4.1}{\376\377\000C\000r\000e\000a\000c\000i\000\363\000n\000\040\000s\000u\000p\000e\000r\000u\000s\000u\000a\000r\000i\000o\000s\000:}{subsection.4.4}% 52
\BOOKMARK [3][-]{subsubsection.4.4.2}{\376\377\000C\000r\000e\000a\000c\000i\000\363\000n\000\040\000d\000e\000\040\000t\000a\000b\000l\000e\000s\000p\000a\000c\000e\000s}{subsection.4.4}% 53
\BOOKMARK [3][-]{subsubsection.4.4.3}{\376\377\000C\000r\000e\000a\000c\000i\000\363\000n\000\040\000d\000e\000\040\000u\000s\000u\000a\000r\000i\000o\000s\000\040\000d\000e\000\040\000e\000s\000c\000r\000i\000t\000u\000r\000a\000\040\000y\000\040\000l\000e\000c\000t\000u\000r\000a}{subsection.4.4}% 54
\BOOKMARK [3][-]{subsubsection.4.4.4}{\376\377\000C\000r\000e\000a\000c\000i\000\363\000n\000\040\000e\000\040\000i\000n\000s\000e\000r\000c\000i\000\363\000n\000\040\000d\000e\000\040\000t\000a\000b\000l\000a\000s}{subsection.4.4}% 55
\BOOKMARK [3][-]{subsubsection.4.4.5}{\376\377\000C\000o\000n\000s\000u\000l\000t\000a\000s}{subsection.4.4}% 56
\BOOKMARK [1][-]{section.5}{\376\377\000C\000o\000m\000e\000n\000t\000a\000r\000i\000o\000s\000\040\000A\000c\000e\000r\000c\000a\000\040\000d\000e\000\040\000l\000a\000s\000\040\000L\000i\000c\000e\000n\000c\000i\000a\000s}{}% 57
\BOOKMARK [2][-]{subsection.5.1}{\376\377\000P\000o\000s\000t\000g\000r\000e\000S\000Q\000L}{section.5}% 58
\BOOKMARK [2][-]{subsection.5.2}{\376\377\000O\000r\000a\000c\000l\000e\000\040\000X\000E}{section.5}% 59
\BOOKMARK [2][-]{subsection.5.3}{\376\377\000A\000p\000a\000c\000h\000e\000\040\000C\000a\000s\000s\000a\000n\000d\000r\000a}{section.5}% 60
\BOOKMARK [2][-]{subsection.5.4}{\376\377\000A\000p\000a\000c\000h\000e\000\040\000H\000B\000a\000s\000e}{section.5}% 61
\BOOKMARK [2][-]{subsection.5.5}{\376\377\000I\000B\000M\000\040\000D\000B\0002}{section.5}% 62
\BOOKMARK [2][-]{subsection.5.6}{\376\377\000R\000e\000s\000u\000m\000e\000n\000\040\000C\000o\000m\000p\000a\000r\000a\000t\000i\000v\000o}{section.5}% 63
\BOOKMARK [1][-]{section.6}{\376\377\000E\000s\000f\000u\000e\000r\000z\000o\000s\000\040\000i\000n\000v\000e\000r\000t\000i\000d\000o\000s}{}% 64
\BOOKMARK [1][-]{section.7}{\376\377\000R\000e\000f\000e\000r\000e\000n\000c\000i\000a\000s}{}% 65
